<?xml version="1.0" encoding="UTF-8"?>
<!-- Generated by org.testng.reporters.JUnitReportReporter -->
<testsuite hostname="DESKTOP-HB8VVVV" failures="0" tests="2" name="org.example.FactorialTest" time="0.022" errors="0" timestamp="2024-06-24T16:17:08 MSK" skipped="0">
  <testcase classname="org.example.FactorialTest" name="getFactorialPositiveNumberTest" time="0.010"/>
  <testcase classname="org.example.FactorialTest" name="getFactorialNegativeNumberTest" time="0.012"/>
</testsuite> <!-- org.example.FactorialTest -->
